[INFO] [2017-10-30 21:42:31][org.springframework.test.context.support.DefaultTestContextBootstrapper]Loaded default TestExecutionListener class names from location [META-INF/spring.factories]: [org.springframework.test.context.web.ServletTestExecutionListener, org.springframework.test.context.support.DependencyInjectionTestExecutionListener, org.springframework.test.context.support.DirtiesContextTestExecutionListener, org.springframework.test.context.transaction.TransactionalTestExecutionListener, org.springframework.test.context.jdbc.SqlScriptsTestExecutionListener]
 [INFO] [2017-10-30 21:42:31][org.springframework.test.context.support.DefaultTestContextBootstrapper]Using TestExecutionListeners: [org.springframework.test.context.web.ServletTestExecutionListener@29774679, org.springframework.test.context.support.DependencyInjectionTestExecutionListener@3ffc5af1, org.springframework.test.context.support.DirtiesContextTestExecutionListener@5e5792a0, org.springframework.test.context.transaction.TransactionalTestExecutionListener@26653222, org.springframework.test.context.jdbc.SqlScriptsTestExecutionListener@3532ec19]
 [INFO] [2017-10-30 21:42:31][org.springframework.beans.factory.xml.XmlBeanDefinitionReader]Loading XML bean definitions from class path resource [applicationContext.xml]
 [INFO] [2017-10-30 21:42:32][org.springframework.context.support.GenericApplicationContext]Refreshing org.springframework.context.support.GenericApplicationContext@60c6f5b: startup date [Mon Oct 30 21:42:32 CST 2017]; root of context hierarchy
 [INFO] [2017-10-30 21:42:33][org.springframework.beans.factory.config.PropertyPlaceholderConfigurer]Loading properties file from class path resource [jdbc.properties]
 [INFO] [2017-10-30 21:42:33][org.springframework.beans.factory.config.PropertyPlaceholderConfigurer]Loading properties file from class path resource [redis.properties]
 [INFO] [2017-10-30 21:42:33][org.springframework.beans.factory.annotation.AutowiredAnnotationBeanPostProcessor]JSR-330 'javax.inject.Inject' annotation found and supported for autowiring
 [INFO] [2017-10-30 21:42:33][com.mchange.v2.log.MLog]MLog clients using slf4j logging.
 [INFO] [2017-10-30 21:42:33][com.mchange.v2.c3p0.C3P0Registry]Initializing c3p0-0.9.5.2 [built 08-December-2015 22:06:04 -0800; debug? true; trace: 10]
 [INFO] [2017-10-30 21:42:36][org.springframework.context.support.GenericApplicationContext]Closing org.springframework.context.support.GenericApplicationContext@60c6f5b: startup date [Mon Oct 30 21:42:32 CST 2017]; root of context hierarchy
 [INFO] [2017-10-30 21:47:39][org.springframework.test.context.support.DefaultTestContextBootstrapper]Loaded default TestExecutionListener class names from location [META-INF/spring.factories]: [org.springframework.test.context.web.ServletTestExecutionListener, org.springframework.test.context.support.DependencyInjectionTestExecutionListener, org.springframework.test.context.support.DirtiesContextTestExecutionListener, org.springframework.test.context.transaction.TransactionalTestExecutionListener, org.springframework.test.context.jdbc.SqlScriptsTestExecutionListener]
 [INFO] [2017-10-30 21:47:39][org.springframework.test.context.support.DefaultTestContextBootstrapper]Using TestExecutionListeners: [org.springframework.test.context.web.ServletTestExecutionListener@29774679, org.springframework.test.context.support.DependencyInjectionTestExecutionListener@3ffc5af1, org.springframework.test.context.support.DirtiesContextTestExecutionListener@5e5792a0, org.springframework.test.context.transaction.TransactionalTestExecutionListener@26653222, org.springframework.test.context.jdbc.SqlScriptsTestExecutionListener@3532ec19]
 [INFO] [2017-10-30 21:47:39][org.springframework.beans.factory.xml.XmlBeanDefinitionReader]Loading XML bean definitions from class path resource [applicationContext.xml]
 [INFO] [2017-10-30 21:47:40][org.springframework.context.support.GenericApplicationContext]Refreshing org.springframework.context.support.GenericApplicationContext@60c6f5b: startup date [Mon Oct 30 21:47:40 CST 2017]; root of context hierarchy
 [INFO] [2017-10-30 21:47:40][org.springframework.beans.factory.config.PropertyPlaceholderConfigurer]Loading properties file from class path resource [jdbc.properties]
 [INFO] [2017-10-30 21:47:40][org.springframework.beans.factory.config.PropertyPlaceholderConfigurer]Loading properties file from class path resource [redis.properties]
 [INFO] [2017-10-30 21:47:40][org.springframework.beans.factory.annotation.AutowiredAnnotationBeanPostProcessor]JSR-330 'javax.inject.Inject' annotation found and supported for autowiring
 [INFO] [2017-10-30 21:47:41][com.mchange.v2.log.MLog]MLog clients using slf4j logging.
 [INFO] [2017-10-30 21:47:41][com.mchange.v2.c3p0.C3P0Registry]Initializing c3p0-0.9.5.2 [built 08-December-2015 22:06:04 -0800; debug? true; trace: 10]
 [INFO] [2017-10-30 21:47:43][org.springframework.context.support.GenericApplicationContext]Closing org.springframework.context.support.GenericApplicationContext@60c6f5b: startup date [Mon Oct 30 21:47:40 CST 2017]; root of context hierarchy
 [INFO] [2017-10-30 21:51:29][org.springframework.test.context.support.DefaultTestContextBootstrapper]Loaded default TestExecutionListener class names from location [META-INF/spring.factories]: [org.springframework.test.context.web.ServletTestExecutionListener, org.springframework.test.context.support.DependencyInjectionTestExecutionListener, org.springframework.test.context.support.DirtiesContextTestExecutionListener, org.springframework.test.context.transaction.TransactionalTestExecutionListener, org.springframework.test.context.jdbc.SqlScriptsTestExecutionListener]
 [INFO] [2017-10-30 21:51:29][org.springframework.test.context.support.DefaultTestContextBootstrapper]Using TestExecutionListeners: [org.springframework.test.context.web.ServletTestExecutionListener@29774679, org.springframework.test.context.support.DependencyInjectionTestExecutionListener@3ffc5af1, org.springframework.test.context.support.DirtiesContextTestExecutionListener@5e5792a0, org.springframework.test.context.transaction.TransactionalTestExecutionListener@26653222, org.springframework.test.context.jdbc.SqlScriptsTestExecutionListener@3532ec19]
 [INFO] [2017-10-30 21:51:29][org.springframework.beans.factory.xml.XmlBeanDefinitionReader]Loading XML bean definitions from class path resource [applicationContext.xml]
 [INFO] [2017-10-30 21:51:30][org.springframework.context.support.GenericApplicationContext]Refreshing org.springframework.context.support.GenericApplicationContext@60c6f5b: startup date [Mon Oct 30 21:51:30 CST 2017]; root of context hierarchy
 [INFO] [2017-10-30 21:51:31][org.springframework.beans.factory.config.PropertyPlaceholderConfigurer]Loading properties file from class path resource [jdbc.properties]
 [INFO] [2017-10-30 21:51:31][org.springframework.beans.factory.config.PropertyPlaceholderConfigurer]Loading properties file from class path resource [redis.properties]
 [INFO] [2017-10-30 21:51:31][org.springframework.beans.factory.annotation.AutowiredAnnotationBeanPostProcessor]JSR-330 'javax.inject.Inject' annotation found and supported for autowiring
 [INFO] [2017-10-30 21:51:31][com.mchange.v2.log.MLog]MLog clients using slf4j logging.
 [INFO] [2017-10-30 21:51:31][com.mchange.v2.c3p0.C3P0Registry]Initializing c3p0-0.9.5.2 [built 08-December-2015 22:06:04 -0800; debug? true; trace: 10]
 [INFO] [2017-10-30 21:51:34][org.springframework.context.support.GenericApplicationContext]Closing org.springframework.context.support.GenericApplicationContext@60c6f5b: startup date [Mon Oct 30 21:51:30 CST 2017]; root of context hierarchy
 [INFO] [2017-10-30 21:52:17][org.springframework.test.context.support.DefaultTestContextBootstrapper]Loaded default TestExecutionListener class names from location [META-INF/spring.factories]: [org.springframework.test.context.web.ServletTestExecutionListener, org.springframework.test.context.support.DependencyInjectionTestExecutionListener, org.springframework.test.context.support.DirtiesContextTestExecutionListener, org.springframework.test.context.transaction.TransactionalTestExecutionListener, org.springframework.test.context.jdbc.SqlScriptsTestExecutionListener]
 [INFO] [2017-10-30 21:52:17][org.springframework.test.context.support.DefaultTestContextBootstrapper]Using TestExecutionListeners: [org.springframework.test.context.web.ServletTestExecutionListener@29774679, org.springframework.test.context.support.DependencyInjectionTestExecutionListener@3ffc5af1, org.springframework.test.context.support.DirtiesContextTestExecutionListener@5e5792a0, org.springframework.test.context.transaction.TransactionalTestExecutionListener@26653222, org.springframework.test.context.jdbc.SqlScriptsTestExecutionListener@3532ec19]
 [INFO] [2017-10-30 21:52:17][org.springframework.beans.factory.xml.XmlBeanDefinitionReader]Loading XML bean definitions from class path resource [applicationContext.xml]
 [INFO] [2017-10-30 21:52:18][org.springframework.context.support.GenericApplicationContext]Refreshing org.springframework.context.support.GenericApplicationContext@60c6f5b: startup date [Mon Oct 30 21:52:18 CST 2017]; root of context hierarchy
 [INFO] [2017-10-30 21:52:18][org.springframework.beans.factory.config.PropertyPlaceholderConfigurer]Loading properties file from class path resource [jdbc.properties]
 [INFO] [2017-10-30 21:52:18][org.springframework.beans.factory.config.PropertyPlaceholderConfigurer]Loading properties file from class path resource [redis.properties]
 [INFO] [2017-10-30 21:52:18][org.springframework.beans.factory.annotation.AutowiredAnnotationBeanPostProcessor]JSR-330 'javax.inject.Inject' annotation found and supported for autowiring
 [INFO] [2017-10-30 21:52:19][com.mchange.v2.log.MLog]MLog clients using slf4j logging.
 [INFO] [2017-10-30 21:52:19][com.mchange.v2.c3p0.C3P0Registry]Initializing c3p0-0.9.5.2 [built 08-December-2015 22:06:04 -0800; debug? true; trace: 10]
 [INFO] [2017-10-30 21:52:21][org.springframework.context.support.GenericApplicationContext]Closing org.springframework.context.support.GenericApplicationContext@60c6f5b: startup date [Mon Oct 30 21:52:18 CST 2017]; root of context hierarchy
 [INFO] [2018-05-08 23:47:26][org.springframework.test.context.support.DefaultTestContextBootstrapper]Loaded default TestExecutionListener class names from location [META-INF/spring.factories]: [org.springframework.test.context.web.ServletTestExecutionListener, org.springframework.test.context.support.DependencyInjectionTestExecutionListener, org.springframework.test.context.support.DirtiesContextTestExecutionListener, org.springframework.test.context.transaction.TransactionalTestExecutionListener, org.springframework.test.context.jdbc.SqlScriptsTestExecutionListener]
 [INFO] [2018-05-08 23:47:26][org.springframework.test.context.support.DefaultTestContextBootstrapper]Using TestExecutionListeners: [org.springframework.test.context.web.ServletTestExecutionListener@29774679, org.springframework.test.context.support.DependencyInjectionTestExecutionListener@3ffc5af1, org.springframework.test.context.support.DirtiesContextTestExecutionListener@5e5792a0, org.springframework.test.context.transaction.TransactionalTestExecutionListener@26653222, org.springframework.test.context.jdbc.SqlScriptsTestExecutionListener@3532ec19]
 [INFO] [2018-05-08 23:47:27][org.springframework.beans.factory.xml.XmlBeanDefinitionReader]Loading XML bean definitions from class path resource [applicationContext.xml]
 [INFO] [2018-05-08 23:47:28][org.springframework.context.support.GenericApplicationContext]Refreshing org.springframework.context.support.GenericApplicationContext@60c6f5b: startup date [Tue May 08 23:47:28 CST 2018]; root of context hierarchy
 [INFO] [2018-05-08 23:47:28][org.springframework.beans.factory.config.PropertyPlaceholderConfigurer]Loading properties file from class path resource [jdbc.properties]
 [INFO] [2018-05-08 23:47:28][org.springframework.beans.factory.config.PropertyPlaceholderConfigurer]Loading properties file from class path resource [redis.properties]
 [INFO] [2018-05-08 23:47:28][org.springframework.beans.factory.annotation.AutowiredAnnotationBeanPostProcessor]JSR-330 'javax.inject.Inject' annotation found and supported for autowiring
 [INFO] [2018-05-08 23:47:29][com.mchange.v2.log.MLog]MLog clients using slf4j logging.
 [INFO] [2018-05-08 23:47:29][com.mchange.v2.c3p0.C3P0Registry]Initializing c3p0-0.9.5.2 [built 08-December-2015 22:06:04 -0800; debug? true; trace: 10]
 [INFO] [2018-05-08 23:47:31][org.springframework.context.support.GenericApplicationContext]Closing org.springframework.context.support.GenericApplicationContext@60c6f5b: startup date [Tue May 08 23:47:28 CST 2018]; root of context hierarchy
 [INFO] [2018-05-08 23:51:18][org.springframework.test.context.support.DefaultTestContextBootstrapper]Loaded default TestExecutionListener class names from location [META-INF/spring.factories]: [org.springframework.test.context.web.ServletTestExecutionListener, org.springframework.test.context.support.DependencyInjectionTestExecutionListener, org.springframework.test.context.support.DirtiesContextTestExecutionListener, org.springframework.test.context.transaction.TransactionalTestExecutionListener, org.springframework.test.context.jdbc.SqlScriptsTestExecutionListener]
 [INFO] [2018-05-08 23:51:18][org.springframework.test.context.support.DefaultTestContextBootstrapper]Using TestExecutionListeners: [org.springframework.test.context.web.ServletTestExecutionListener@29774679, org.springframework.test.context.support.DependencyInjectionTestExecutionListener@3ffc5af1, org.springframework.test.context.support.DirtiesContextTestExecutionListener@5e5792a0, org.springframework.test.context.transaction.TransactionalTestExecutionListener@26653222, org.springframework.test.context.jdbc.SqlScriptsTestExecutionListener@3532ec19]
 [INFO] [2018-05-08 23:51:18][org.springframework.beans.factory.xml.XmlBeanDefinitionReader]Loading XML bean definitions from class path resource [applicationContext.xml]
 [INFO] [2018-05-08 23:51:19][org.springframework.context.support.GenericApplicationContext]Refreshing org.springframework.context.support.GenericApplicationContext@60c6f5b: startup date [Tue May 08 23:51:19 CST 2018]; root of context hierarchy
 [INFO] [2018-05-08 23:51:19][org.springframework.beans.factory.config.PropertyPlaceholderConfigurer]Loading properties file from class path resource [jdbc.properties]
 [INFO] [2018-05-08 23:51:19][org.springframework.beans.factory.config.PropertyPlaceholderConfigurer]Loading properties file from class path resource [redis.properties]
 [INFO] [2018-05-08 23:51:19][org.springframework.beans.factory.annotation.AutowiredAnnotationBeanPostProcessor]JSR-330 'javax.inject.Inject' annotation found and supported for autowiring
 [INFO] [2018-05-08 23:51:20][com.mchange.v2.log.MLog]MLog clients using slf4j logging.
 [INFO] [2018-05-08 23:51:20][com.mchange.v2.c3p0.C3P0Registry]Initializing c3p0-0.9.5.2 [built 08-December-2015 22:06:04 -0800; debug? true; trace: 10]
 [INFO] [2018-05-08 23:51:22][org.springframework.context.support.GenericApplicationContext]Closing org.springframework.context.support.GenericApplicationContext@60c6f5b: startup date [Tue May 08 23:51:19 CST 2018]; root of context hierarchy
 [INFO] [2018-05-08 23:54:31][org.springframework.test.context.support.DefaultTestContextBootstrapper]Loaded default TestExecutionListener class names from location [META-INF/spring.factories]: [org.springframework.test.context.web.ServletTestExecutionListener, org.springframework.test.context.support.DependencyInjectionTestExecutionListener, org.springframework.test.context.support.DirtiesContextTestExecutionListener, org.springframework.test.context.transaction.TransactionalTestExecutionListener, org.springframework.test.context.jdbc.SqlScriptsTestExecutionListener]
 [INFO] [2018-05-08 23:54:32][org.springframework.test.context.support.DefaultTestContextBootstrapper]Using TestExecutionListeners: [org.springframework.test.context.web.ServletTestExecutionListener@29774679, org.springframework.test.context.support.DependencyInjectionTestExecutionListener@3ffc5af1, org.springframework.test.context.support.DirtiesContextTestExecutionListener@5e5792a0, org.springframework.test.context.transaction.TransactionalTestExecutionListener@26653222, org.springframework.test.context.jdbc.SqlScriptsTestExecutionListener@3532ec19]
 [INFO] [2018-05-08 23:54:32][org.springframework.beans.factory.xml.XmlBeanDefinitionReader]Loading XML bean definitions from class path resource [applicationContext.xml]
 [INFO] [2018-05-08 23:54:32][org.springframework.context.support.GenericApplicationContext]Refreshing org.springframework.context.support.GenericApplicationContext@60c6f5b: startup date [Tue May 08 23:54:32 CST 2018]; root of context hierarchy
 [INFO] [2018-05-08 23:54:33][org.springframework.beans.factory.config.PropertyPlaceholderConfigurer]Loading properties file from class path resource [jdbc.properties]
 [INFO] [2018-05-08 23:54:33][org.springframework.beans.factory.config.PropertyPlaceholderConfigurer]Loading properties file from class path resource [redis.properties]
 [INFO] [2018-05-08 23:54:33][org.springframework.beans.factory.annotation.AutowiredAnnotationBeanPostProcessor]JSR-330 'javax.inject.Inject' annotation found and supported for autowiring
 [INFO] [2018-05-08 23:54:33][com.mchange.v2.log.MLog]MLog clients using slf4j logging.
 [INFO] [2018-05-08 23:54:34][com.mchange.v2.c3p0.C3P0Registry]Initializing c3p0-0.9.5.2 [built 08-December-2015 22:06:04 -0800; debug? true; trace: 10]
 [INFO] [2018-05-08 23:54:36][org.springframework.context.support.GenericApplicationContext]Closing org.springframework.context.support.GenericApplicationContext@60c6f5b: startup date [Tue May 08 23:54:32 CST 2018]; root of context hierarchy
 [INFO] [2018-05-08 23:55:04][org.springframework.test.context.support.DefaultTestContextBootstrapper]Loaded default TestExecutionListener class names from location [META-INF/spring.factories]: [org.springframework.test.context.web.ServletTestExecutionListener, org.springframework.test.context.support.DependencyInjectionTestExecutionListener, org.springframework.test.context.support.DirtiesContextTestExecutionListener, org.springframework.test.context.transaction.TransactionalTestExecutionListener, org.springframework.test.context.jdbc.SqlScriptsTestExecutionListener]
 [INFO] [2018-05-08 23:55:04][org.springframework.test.context.support.DefaultTestContextBootstrapper]Using TestExecutionListeners: [org.springframework.test.context.web.ServletTestExecutionListener@29774679, org.springframework.test.context.support.DependencyInjectionTestExecutionListener@3ffc5af1, org.springframework.test.context.support.DirtiesContextTestExecutionListener@5e5792a0, org.springframework.test.context.transaction.TransactionalTestExecutionListener@26653222, org.springframework.test.context.jdbc.SqlScriptsTestExecutionListener@3532ec19]
 [INFO] [2018-05-08 23:55:04][org.springframework.beans.factory.xml.XmlBeanDefinitionReader]Loading XML bean definitions from class path resource [applicationContext.xml]
 [INFO] [2018-05-08 23:55:04][org.springframework.context.support.GenericApplicationContext]Refreshing org.springframework.context.support.GenericApplicationContext@60c6f5b: startup date [Tue May 08 23:55:04 CST 2018]; root of context hierarchy
 [INFO] [2018-05-08 23:55:05][org.springframework.beans.factory.config.PropertyPlaceholderConfigurer]Loading properties file from class path resource [jdbc.properties]
 [INFO] [2018-05-08 23:55:05][org.springframework.beans.factory.config.PropertyPlaceholderConfigurer]Loading properties file from class path resource [redis.properties]
 [INFO] [2018-05-08 23:55:05][org.springframework.beans.factory.annotation.AutowiredAnnotationBeanPostProcessor]JSR-330 'javax.inject.Inject' annotation found and supported for autowiring
 [INFO] [2018-05-08 23:55:05][com.mchange.v2.log.MLog]MLog clients using slf4j logging.
 [INFO] [2018-05-08 23:55:05][com.mchange.v2.c3p0.C3P0Registry]Initializing c3p0-0.9.5.2 [built 08-December-2015 22:06:04 -0800; debug? true; trace: 10]
 [INFO] [2018-05-08 23:55:08][org.springframework.context.support.GenericApplicationContext]Closing org.springframework.context.support.GenericApplicationContext@60c6f5b: startup date [Tue May 08 23:55:04 CST 2018]; root of context hierarchy
 [INFO] [2018-05-09 00:33:41][org.springframework.test.context.support.DefaultTestContextBootstrapper]Loaded default TestExecutionListener class names from location [META-INF/spring.factories]: [org.springframework.test.context.web.ServletTestExecutionListener, org.springframework.test.context.support.DependencyInjectionTestExecutionListener, org.springframework.test.context.support.DirtiesContextTestExecutionListener, org.springframework.test.context.transaction.TransactionalTestExecutionListener, org.springframework.test.context.jdbc.SqlScriptsTestExecutionListener]
 [INFO] [2018-05-09 00:33:41][org.springframework.test.context.support.DefaultTestContextBootstrapper]Using TestExecutionListeners: [org.springframework.test.context.web.ServletTestExecutionListener@29774679, org.springframework.test.context.support.DependencyInjectionTestExecutionListener@3ffc5af1, org.springframework.test.context.support.DirtiesContextTestExecutionListener@5e5792a0, org.springframework.test.context.transaction.TransactionalTestExecutionListener@26653222, org.springframework.test.context.jdbc.SqlScriptsTestExecutionListener@3532ec19]
 [INFO] [2018-05-09 00:33:41][org.springframework.beans.factory.xml.XmlBeanDefinitionReader]Loading XML bean definitions from class path resource [applicationContext.xml]
 [INFO] [2018-05-09 00:33:41][org.springframework.context.support.GenericApplicationContext]Refreshing org.springframework.context.support.GenericApplicationContext@60c6f5b: startup date [Wed May 09 00:33:41 CST 2018]; root of context hierarchy
 [INFO] [2018-05-09 00:33:42][org.springframework.beans.factory.config.PropertyPlaceholderConfigurer]Loading properties file from class path resource [jdbc.properties]
 [INFO] [2018-05-09 00:33:42][org.springframework.beans.factory.config.PropertyPlaceholderConfigurer]Loading properties file from class path resource [redis.properties]
 [INFO] [2018-05-09 00:33:42][org.springframework.beans.factory.annotation.AutowiredAnnotationBeanPostProcessor]JSR-330 'javax.inject.Inject' annotation found and supported for autowiring
 [INFO] [2018-05-09 00:33:42][com.mchange.v2.log.MLog]MLog clients using slf4j logging.
 [INFO] [2018-05-09 00:33:42][com.mchange.v2.c3p0.C3P0Registry]Initializing c3p0-0.9.5.2 [built 08-December-2015 22:06:04 -0800; debug? true; trace: 10]
 [INFO] [2018-05-09 00:33:45][org.springframework.context.support.GenericApplicationContext]Closing org.springframework.context.support.GenericApplicationContext@60c6f5b: startup date [Wed May 09 00:33:41 CST 2018]; root of context hierarchy
 [INFO] [2018-05-10 00:41:35][org.springframework.test.context.support.DefaultTestContextBootstrapper]Loaded default TestExecutionListener class names from location [META-INF/spring.factories]: [org.springframework.test.context.web.ServletTestExecutionListener, org.springframework.test.context.support.DependencyInjectionTestExecutionListener, org.springframework.test.context.support.DirtiesContextTestExecutionListener, org.springframework.test.context.transaction.TransactionalTestExecutionListener, org.springframework.test.context.jdbc.SqlScriptsTestExecutionListener]
 [INFO] [2018-05-10 00:41:35][org.springframework.test.context.support.DefaultTestContextBootstrapper]Using TestExecutionListeners: [org.springframework.test.context.web.ServletTestExecutionListener@29774679, org.springframework.test.context.support.DependencyInjectionTestExecutionListener@3ffc5af1, org.springframework.test.context.support.DirtiesContextTestExecutionListener@5e5792a0, org.springframework.test.context.transaction.TransactionalTestExecutionListener@26653222, org.springframework.test.context.jdbc.SqlScriptsTestExecutionListener@3532ec19]
 [INFO] [2018-05-10 00:41:35][org.springframework.beans.factory.xml.XmlBeanDefinitionReader]Loading XML bean definitions from class path resource [applicationContext.xml]
 [INFO] [2018-05-10 00:41:37][org.springframework.context.support.GenericApplicationContext]Refreshing org.springframework.context.support.GenericApplicationContext@60c6f5b: startup date [Thu May 10 00:41:37 CST 2018]; root of context hierarchy
 [INFO] [2018-05-10 00:41:37][org.springframework.beans.factory.config.PropertyPlaceholderConfigurer]Loading properties file from class path resource [jdbc.properties]
 [INFO] [2018-05-10 00:41:37][org.springframework.beans.factory.config.PropertyPlaceholderConfigurer]Loading properties file from class path resource [redis.properties]
 [INFO] [2018-05-10 00:41:37][org.springframework.beans.factory.annotation.AutowiredAnnotationBeanPostProcessor]JSR-330 'javax.inject.Inject' annotation found and supported for autowiring
 [INFO] [2018-05-10 00:41:37][com.mchange.v2.log.MLog]MLog clients using slf4j logging.
 [INFO] [2018-05-10 00:41:38][com.mchange.v2.c3p0.C3P0Registry]Initializing c3p0-0.9.5.2 [built 08-December-2015 22:06:04 -0800; debug? true; trace: 10]
 [INFO] [2018-05-10 00:41:41][org.springframework.context.support.GenericApplicationContext]Closing org.springframework.context.support.GenericApplicationContext@60c6f5b: startup date [Thu May 10 00:41:37 CST 2018]; root of context hierarchy
 [INFO] [2018-05-10 00:42:36][org.springframework.test.context.support.DefaultTestContextBootstrapper]Loaded default TestExecutionListener class names from location [META-INF/spring.factories]: [org.springframework.test.context.web.ServletTestExecutionListener, org.springframework.test.context.support.DependencyInjectionTestExecutionListener, org.springframework.test.context.support.DirtiesContextTestExecutionListener, org.springframework.test.context.transaction.TransactionalTestExecutionListener, org.springframework.test.context.jdbc.SqlScriptsTestExecutionListener]
 [INFO] [2018-05-10 00:42:36][org.springframework.test.context.support.DefaultTestContextBootstrapper]Using TestExecutionListeners: [org.springframework.test.context.web.ServletTestExecutionListener@29774679, org.springframework.test.context.support.DependencyInjectionTestExecutionListener@3ffc5af1, org.springframework.test.context.support.DirtiesContextTestExecutionListener@5e5792a0, org.springframework.test.context.transaction.TransactionalTestExecutionListener@26653222, org.springframework.test.context.jdbc.SqlScriptsTestExecutionListener@3532ec19]
 [INFO] [2018-05-10 00:42:37][org.springframework.beans.factory.xml.XmlBeanDefinitionReader]Loading XML bean definitions from class path resource [applicationContext.xml]
 [INFO] [2018-05-10 00:42:37][org.springframework.context.support.GenericApplicationContext]Refreshing org.springframework.context.support.GenericApplicationContext@60c6f5b: startup date [Thu May 10 00:42:37 CST 2018]; root of context hierarchy
 [INFO] [2018-05-10 00:42:38][org.springframework.beans.factory.config.PropertyPlaceholderConfigurer]Loading properties file from class path resource [jdbc.properties]
 [INFO] [2018-05-10 00:42:38][org.springframework.beans.factory.config.PropertyPlaceholderConfigurer]Loading properties file from class path resource [redis.properties]
 [INFO] [2018-05-10 00:42:38][org.springframework.beans.factory.annotation.AutowiredAnnotationBeanPostProcessor]JSR-330 'javax.inject.Inject' annotation found and supported for autowiring
 [INFO] [2018-05-10 00:42:38][com.mchange.v2.log.MLog]MLog clients using slf4j logging.
 [INFO] [2018-05-10 00:42:38][com.mchange.v2.c3p0.C3P0Registry]Initializing c3p0-0.9.5.2 [built 08-December-2015 22:06:04 -0800; debug? true; trace: 10]
 [INFO] [2018-05-10 00:42:41][org.springframework.context.support.GenericApplicationContext]Closing org.springframework.context.support.GenericApplicationContext@60c6f5b: startup date [Thu May 10 00:42:37 CST 2018]; root of context hierarchy
 [INFO] [2018-05-13 10:49:18][org.springframework.test.context.support.DefaultTestContextBootstrapper]Loaded default TestExecutionListener class names from location [META-INF/spring.factories]: [org.springframework.test.context.web.ServletTestExecutionListener, org.springframework.test.context.support.DependencyInjectionTestExecutionListener, org.springframework.test.context.support.DirtiesContextTestExecutionListener, org.springframework.test.context.transaction.TransactionalTestExecutionListener, org.springframework.test.context.jdbc.SqlScriptsTestExecutionListener]
 [INFO] [2018-05-13 10:49:18][org.springframework.test.context.support.DefaultTestContextBootstrapper]Using TestExecutionListeners: [org.springframework.test.context.web.ServletTestExecutionListener@29774679, org.springframework.test.context.support.DependencyInjectionTestExecutionListener@3ffc5af1, org.springframework.test.context.support.DirtiesContextTestExecutionListener@5e5792a0, org.springframework.test.context.transaction.TransactionalTestExecutionListener@26653222, org.springframework.test.context.jdbc.SqlScriptsTestExecutionListener@3532ec19]
 [INFO] [2018-05-13 10:49:19][org.springframework.beans.factory.xml.XmlBeanDefinitionReader]Loading XML bean definitions from class path resource [applicationContext.xml]
 [INFO] [2018-05-13 10:49:20][org.springframework.context.support.GenericApplicationContext]Refreshing org.springframework.context.support.GenericApplicationContext@60c6f5b: startup date [Sun May 13 10:49:20 CST 2018]; root of context hierarchy
 [INFO] [2018-05-13 10:49:20][org.springframework.beans.factory.config.PropertyPlaceholderConfigurer]Loading properties file from class path resource [jdbc.properties]
 [INFO] [2018-05-13 10:49:20][org.springframework.beans.factory.config.PropertyPlaceholderConfigurer]Loading properties file from class path resource [redis.properties]
 [INFO] [2018-05-13 10:49:20][org.springframework.beans.factory.annotation.AutowiredAnnotationBeanPostProcessor]JSR-330 'javax.inject.Inject' annotation found and supported for autowiring
 [INFO] [2018-05-13 10:49:20][com.mchange.v2.log.MLog]MLog clients using slf4j logging.
 [INFO] [2018-05-13 10:49:20][com.mchange.v2.c3p0.C3P0Registry]Initializing c3p0-0.9.5.2 [built 08-December-2015 22:06:04 -0800; debug? true; trace: 10]
 [INFO] [2018-05-13 10:49:25][org.springframework.context.support.GenericApplicationContext]Closing org.springframework.context.support.GenericApplicationContext@60c6f5b: startup date [Sun May 13 10:49:20 CST 2018]; root of context hierarchy
 [INFO] [2018-05-13 12:20:48][org.springframework.test.context.support.DefaultTestContextBootstrapper]Loaded default TestExecutionListener class names from location [META-INF/spring.factories]: [org.springframework.test.context.web.ServletTestExecutionListener, org.springframework.test.context.support.DependencyInjectionTestExecutionListener, org.springframework.test.context.support.DirtiesContextTestExecutionListener, org.springframework.test.context.transaction.TransactionalTestExecutionListener, org.springframework.test.context.jdbc.SqlScriptsTestExecutionListener]
 [INFO] [2018-05-13 12:20:48][org.springframework.test.context.support.DefaultTestContextBootstrapper]Using TestExecutionListeners: [org.springframework.test.context.web.ServletTestExecutionListener@29774679, org.springframework.test.context.support.DependencyInjectionTestExecutionListener@3ffc5af1, org.springframework.test.context.support.DirtiesContextTestExecutionListener@5e5792a0, org.springframework.test.context.transaction.TransactionalTestExecutionListener@26653222, org.springframework.test.context.jdbc.SqlScriptsTestExecutionListener@3532ec19]
 [INFO] [2018-05-13 12:20:48][org.springframework.beans.factory.xml.XmlBeanDefinitionReader]Loading XML bean definitions from class path resource [applicationContext.xml]
 [INFO] [2018-05-13 12:20:49][org.springframework.context.support.GenericApplicationContext]Refreshing org.springframework.context.support.GenericApplicationContext@60c6f5b: startup date [Sun May 13 12:20:49 CST 2018]; root of context hierarchy
 [INFO] [2018-05-13 12:20:49][org.springframework.beans.factory.config.PropertyPlaceholderConfigurer]Loading properties file from class path resource [jdbc.properties]
 [INFO] [2018-05-13 12:20:49][org.springframework.beans.factory.config.PropertyPlaceholderConfigurer]Loading properties file from class path resource [redis.properties]
 [INFO] [2018-05-13 12:20:49][org.springframework.beans.factory.annotation.AutowiredAnnotationBeanPostProcessor]JSR-330 'javax.inject.Inject' annotation found and supported for autowiring
 [INFO] [2018-05-13 12:20:50][com.mchange.v2.log.MLog]MLog clients using slf4j logging.
 [INFO] [2018-05-13 12:20:50][com.mchange.v2.c3p0.C3P0Registry]Initializing c3p0-0.9.5.2 [built 08-December-2015 22:06:04 -0800; debug? true; trace: 10]
 [INFO] [2018-05-13 12:20:52][org.springframework.context.support.GenericApplicationContext]Closing org.springframework.context.support.GenericApplicationContext@60c6f5b: startup date [Sun May 13 12:20:49 CST 2018]; root of context hierarchy
 [INFO] [2018-05-13 12:22:25][org.springframework.test.context.support.DefaultTestContextBootstrapper]Loaded default TestExecutionListener class names from location [META-INF/spring.factories]: [org.springframework.test.context.web.ServletTestExecutionListener, org.springframework.test.context.support.DependencyInjectionTestExecutionListener, org.springframework.test.context.support.DirtiesContextTestExecutionListener, org.springframework.test.context.transaction.TransactionalTestExecutionListener, org.springframework.test.context.jdbc.SqlScriptsTestExecutionListener]
 [INFO] [2018-05-13 12:22:25][org.springframework.test.context.support.DefaultTestContextBootstrapper]Using TestExecutionListeners: [org.springframework.test.context.web.ServletTestExecutionListener@29774679, org.springframework.test.context.support.DependencyInjectionTestExecutionListener@3ffc5af1, org.springframework.test.context.support.DirtiesContextTestExecutionListener@5e5792a0, org.springframework.test.context.transaction.TransactionalTestExecutionListener@26653222, org.springframework.test.context.jdbc.SqlScriptsTestExecutionListener@3532ec19]
 [INFO] [2018-05-13 12:22:26][org.springframework.beans.factory.xml.XmlBeanDefinitionReader]Loading XML bean definitions from class path resource [applicationContext.xml]
 [INFO] [2018-05-13 12:22:27][org.springframework.context.support.GenericApplicationContext]Refreshing org.springframework.context.support.GenericApplicationContext@60c6f5b: startup date [Sun May 13 12:22:27 CST 2018]; root of context hierarchy
 [INFO] [2018-05-13 12:22:27][org.springframework.beans.factory.config.PropertyPlaceholderConfigurer]Loading properties file from class path resource [jdbc.properties]
 [INFO] [2018-05-13 12:22:27][org.springframework.beans.factory.config.PropertyPlaceholderConfigurer]Loading properties file from class path resource [redis.properties]
 [INFO] [2018-05-13 12:22:27][org.springframework.beans.factory.annotation.AutowiredAnnotationBeanPostProcessor]JSR-330 'javax.inject.Inject' annotation found and supported for autowiring
 [INFO] [2018-05-13 12:22:28][com.mchange.v2.log.MLog]MLog clients using slf4j logging.
 [INFO] [2018-05-13 12:22:28][com.mchange.v2.c3p0.C3P0Registry]Initializing c3p0-0.9.5.2 [built 08-December-2015 22:06:04 -0800; debug? true; trace: 10]
 [INFO] [2018-05-13 12:23:11][org.springframework.context.support.GenericApplicationContext]Closing org.springframework.context.support.GenericApplicationContext@60c6f5b: startup date [Sun May 13 12:22:27 CST 2018]; root of context hierarchy
 [INFO] [2018-05-13 12:32:31][org.springframework.test.context.support.DefaultTestContextBootstrapper]Loaded default TestExecutionListener class names from location [META-INF/spring.factories]: [org.springframework.test.context.web.ServletTestExecutionListener, org.springframework.test.context.support.DependencyInjectionTestExecutionListener, org.springframework.test.context.support.DirtiesContextTestExecutionListener, org.springframework.test.context.transaction.TransactionalTestExecutionListener, org.springframework.test.context.jdbc.SqlScriptsTestExecutionListener]
 [INFO] [2018-05-13 12:32:31][org.springframework.test.context.support.DefaultTestContextBootstrapper]Using TestExecutionListeners: [org.springframework.test.context.web.ServletTestExecutionListener@29774679, org.springframework.test.context.support.DependencyInjectionTestExecutionListener@3ffc5af1, org.springframework.test.context.support.DirtiesContextTestExecutionListener@5e5792a0, org.springframework.test.context.transaction.TransactionalTestExecutionListener@26653222, org.springframework.test.context.jdbc.SqlScriptsTestExecutionListener@3532ec19]
 [INFO] [2018-05-13 12:32:31][org.springframework.beans.factory.xml.XmlBeanDefinitionReader]Loading XML bean definitions from class path resource [applicationContext.xml]
 [INFO] [2018-05-13 12:32:32][org.springframework.context.support.GenericApplicationContext]Refreshing org.springframework.context.support.GenericApplicationContext@60c6f5b: startup date [Sun May 13 12:32:32 CST 2018]; root of context hierarchy
 [INFO] [2018-05-13 12:32:33][org.springframework.beans.factory.config.PropertyPlaceholderConfigurer]Loading properties file from class path resource [jdbc.properties]
 [INFO] [2018-05-13 12:32:33][org.springframework.beans.factory.config.PropertyPlaceholderConfigurer]Loading properties file from class path resource [redis.properties]
 [INFO] [2018-05-13 12:32:33][org.springframework.beans.factory.annotation.AutowiredAnnotationBeanPostProcessor]JSR-330 'javax.inject.Inject' annotation found and supported for autowiring
 [INFO] [2018-05-13 12:32:33][com.mchange.v2.log.MLog]MLog clients using slf4j logging.
 [INFO] [2018-05-13 12:32:33][com.mchange.v2.c3p0.C3P0Registry]Initializing c3p0-0.9.5.2 [built 08-December-2015 22:06:04 -0800; debug? true; trace: 10]
 [INFO] [2018-05-13 12:32:36][org.springframework.context.support.GenericApplicationContext]Closing org.springframework.context.support.GenericApplicationContext@60c6f5b: startup date [Sun May 13 12:32:32 CST 2018]; root of context hierarchy
 [INFO] [2018-05-13 12:50:59][org.springframework.test.context.support.DefaultTestContextBootstrapper]Loaded default TestExecutionListener class names from location [META-INF/spring.factories]: [org.springframework.test.context.web.ServletTestExecutionListener, org.springframework.test.context.support.DependencyInjectionTestExecutionListener, org.springframework.test.context.support.DirtiesContextTestExecutionListener, org.springframework.test.context.transaction.TransactionalTestExecutionListener, org.springframework.test.context.jdbc.SqlScriptsTestExecutionListener]
 [INFO] [2018-05-13 12:50:59][org.springframework.test.context.support.DefaultTestContextBootstrapper]Using TestExecutionListeners: [org.springframework.test.context.web.ServletTestExecutionListener@29774679, org.springframework.test.context.support.DependencyInjectionTestExecutionListener@3ffc5af1, org.springframework.test.context.support.DirtiesContextTestExecutionListener@5e5792a0, org.springframework.test.context.transaction.TransactionalTestExecutionListener@26653222, org.springframework.test.context.jdbc.SqlScriptsTestExecutionListener@3532ec19]
 [INFO] [2018-05-13 12:50:59][org.springframework.beans.factory.xml.XmlBeanDefinitionReader]Loading XML bean definitions from class path resource [applicationContext.xml]
 [INFO] [2018-05-13 12:50:59][org.springframework.context.support.GenericApplicationContext]Refreshing org.springframework.context.support.GenericApplicationContext@60c6f5b: startup date [Sun May 13 12:50:59 CST 2018]; root of context hierarchy
 [INFO] [2018-05-13 12:51:00][org.springframework.beans.factory.config.PropertyPlaceholderConfigurer]Loading properties file from class path resource [jdbc.properties]
 [INFO] [2018-05-13 12:51:00][org.springframework.beans.factory.config.PropertyPlaceholderConfigurer]Loading properties file from class path resource [redis.properties]
 [INFO] [2018-05-13 12:51:00][org.springframework.beans.factory.annotation.AutowiredAnnotationBeanPostProcessor]JSR-330 'javax.inject.Inject' annotation found and supported for autowiring
 [INFO] [2018-05-13 12:51:00][com.mchange.v2.log.MLog]MLog clients using slf4j logging.
 [INFO] [2018-05-13 12:51:00][com.mchange.v2.c3p0.C3P0Registry]Initializing c3p0-0.9.5.2 [built 08-December-2015 22:06:04 -0800; debug? true; trace: 10]
 [INFO] [2018-05-13 12:51:03][org.springframework.context.support.GenericApplicationContext]Closing org.springframework.context.support.GenericApplicationContext@60c6f5b: startup date [Sun May 13 12:50:59 CST 2018]; root of context hierarchy
 [INFO] [2018-05-13 12:51:34][org.springframework.test.context.support.DefaultTestContextBootstrapper]Loaded default TestExecutionListener class names from location [META-INF/spring.factories]: [org.springframework.test.context.web.ServletTestExecutionListener, org.springframework.test.context.support.DependencyInjectionTestExecutionListener, org.springframework.test.context.support.DirtiesContextTestExecutionListener, org.springframework.test.context.transaction.TransactionalTestExecutionListener, org.springframework.test.context.jdbc.SqlScriptsTestExecutionListener]
 [INFO] [2018-05-13 12:51:34][org.springframework.test.context.support.DefaultTestContextBootstrapper]Using TestExecutionListeners: [org.springframework.test.context.web.ServletTestExecutionListener@29774679, org.springframework.test.context.support.DependencyInjectionTestExecutionListener@3ffc5af1, org.springframework.test.context.support.DirtiesContextTestExecutionListener@5e5792a0, org.springframework.test.context.transaction.TransactionalTestExecutionListener@26653222, org.springframework.test.context.jdbc.SqlScriptsTestExecutionListener@3532ec19]
 [INFO] [2018-05-13 12:51:35][org.springframework.beans.factory.xml.XmlBeanDefinitionReader]Loading XML bean definitions from class path resource [applicationContext.xml]
 [INFO] [2018-05-13 12:51:35][org.springframework.context.support.GenericApplicationContext]Refreshing org.springframework.context.support.GenericApplicationContext@60c6f5b: startup date [Sun May 13 12:51:35 CST 2018]; root of context hierarchy
 [INFO] [2018-05-13 12:51:36][org.springframework.beans.factory.config.PropertyPlaceholderConfigurer]Loading properties file from class path resource [jdbc.properties]
 [INFO] [2018-05-13 12:51:36][org.springframework.beans.factory.config.PropertyPlaceholderConfigurer]Loading properties file from class path resource [redis.properties]
 [INFO] [2018-05-13 12:51:36][org.springframework.beans.factory.annotation.AutowiredAnnotationBeanPostProcessor]JSR-330 'javax.inject.Inject' annotation found and supported for autowiring
 [INFO] [2018-05-13 12:51:36][com.mchange.v2.log.MLog]MLog clients using slf4j logging.
 [INFO] [2018-05-13 12:51:36][com.mchange.v2.c3p0.C3P0Registry]Initializing c3p0-0.9.5.2 [built 08-December-2015 22:06:04 -0800; debug? true; trace: 10]
 [INFO] [2018-05-13 12:51:39][org.springframework.context.support.GenericApplicationContext]Closing org.springframework.context.support.GenericApplicationContext@60c6f5b: startup date [Sun May 13 12:51:35 CST 2018]; root of context hierarchy
 [INFO] [2018-05-13 12:52:19][org.springframework.test.context.support.DefaultTestContextBootstrapper]Loaded default TestExecutionListener class names from location [META-INF/spring.factories]: [org.springframework.test.context.web.ServletTestExecutionListener, org.springframework.test.context.support.DependencyInjectionTestExecutionListener, org.springframework.test.context.support.DirtiesContextTestExecutionListener, org.springframework.test.context.transaction.TransactionalTestExecutionListener, org.springframework.test.context.jdbc.SqlScriptsTestExecutionListener]
 [INFO] [2018-05-13 12:52:19][org.springframework.test.context.support.DefaultTestContextBootstrapper]Using TestExecutionListeners: [org.springframework.test.context.web.ServletTestExecutionListener@29774679, org.springframework.test.context.support.DependencyInjectionTestExecutionListener@3ffc5af1, org.springframework.test.context.support.DirtiesContextTestExecutionListener@5e5792a0, org.springframework.test.context.transaction.TransactionalTestExecutionListener@26653222, org.springframework.test.context.jdbc.SqlScriptsTestExecutionListener@3532ec19]
 [INFO] [2018-05-13 12:52:19][org.springframework.beans.factory.xml.XmlBeanDefinitionReader]Loading XML bean definitions from class path resource [applicationContext.xml]
 [INFO] [2018-05-13 12:52:20][org.springframework.context.support.GenericApplicationContext]Refreshing org.springframework.context.support.GenericApplicationContext@60c6f5b: startup date [Sun May 13 12:52:20 CST 2018]; root of context hierarchy
 [INFO] [2018-05-13 12:52:21][org.springframework.beans.factory.config.PropertyPlaceholderConfigurer]Loading properties file from class path resource [jdbc.properties]
 [INFO] [2018-05-13 12:52:21][org.springframework.beans.factory.config.PropertyPlaceholderConfigurer]Loading properties file from class path resource [redis.properties]
 [INFO] [2018-05-13 12:52:21][org.springframework.beans.factory.annotation.AutowiredAnnotationBeanPostProcessor]JSR-330 'javax.inject.Inject' annotation found and supported for autowiring
 [INFO] [2018-05-13 12:52:21][com.mchange.v2.log.MLog]MLog clients using slf4j logging.
 [INFO] [2018-05-13 12:52:21][com.mchange.v2.c3p0.C3P0Registry]Initializing c3p0-0.9.5.2 [built 08-December-2015 22:06:04 -0800; debug? true; trace: 10]
 [INFO] [2018-05-13 12:52:24][org.springframework.context.support.GenericApplicationContext]Closing org.springframework.context.support.GenericApplicationContext@60c6f5b: startup date [Sun May 13 12:52:20 CST 2018]; root of context hierarchy
 [INFO] [2018-05-13 12:59:08][org.springframework.test.context.support.DefaultTestContextBootstrapper]Loaded default TestExecutionListener class names from location [META-INF/spring.factories]: [org.springframework.test.context.web.ServletTestExecutionListener, org.springframework.test.context.support.DependencyInjectionTestExecutionListener, org.springframework.test.context.support.DirtiesContextTestExecutionListener, org.springframework.test.context.transaction.TransactionalTestExecutionListener, org.springframework.test.context.jdbc.SqlScriptsTestExecutionListener]
 [INFO] [2018-05-13 12:59:08][org.springframework.test.context.support.DefaultTestContextBootstrapper]Using TestExecutionListeners: [org.springframework.test.context.web.ServletTestExecutionListener@29774679, org.springframework.test.context.support.DependencyInjectionTestExecutionListener@3ffc5af1, org.springframework.test.context.support.DirtiesContextTestExecutionListener@5e5792a0, org.springframework.test.context.transaction.TransactionalTestExecutionListener@26653222, org.springframework.test.context.jdbc.SqlScriptsTestExecutionListener@3532ec19]
 [INFO] [2018-05-13 12:59:08][org.springframework.beans.factory.xml.XmlBeanDefinitionReader]Loading XML bean definitions from class path resource [applicationContext.xml]
 [INFO] [2018-05-13 12:59:09][org.springframework.context.support.GenericApplicationContext]Refreshing org.springframework.context.support.GenericApplicationContext@60c6f5b: startup date [Sun May 13 12:59:09 CST 2018]; root of context hierarchy
 [INFO] [2018-05-13 12:59:09][org.springframework.beans.factory.config.PropertyPlaceholderConfigurer]Loading properties file from class path resource [jdbc.properties]
 [INFO] [2018-05-13 12:59:09][org.springframework.beans.factory.config.PropertyPlaceholderConfigurer]Loading properties file from class path resource [redis.properties]
 [INFO] [2018-05-13 12:59:09][org.springframework.beans.factory.annotation.AutowiredAnnotationBeanPostProcessor]JSR-330 'javax.inject.Inject' annotation found and supported for autowiring
 [INFO] [2018-05-13 12:59:10][com.mchange.v2.log.MLog]MLog clients using slf4j logging.
 [INFO] [2018-05-13 12:59:10][com.mchange.v2.c3p0.C3P0Registry]Initializing c3p0-0.9.5.2 [built 08-December-2015 22:06:04 -0800; debug? true; trace: 10]
 [INFO] [2018-05-13 12:59:12][org.springframework.context.support.GenericApplicationContext]Closing org.springframework.context.support.GenericApplicationContext@60c6f5b: startup date [Sun May 13 12:59:09 CST 2018]; root of context hierarchy
 [INFO] [2018-05-13 13:44:37][org.springframework.test.context.support.DefaultTestContextBootstrapper]Loaded default TestExecutionListener class names from location [META-INF/spring.factories]: [org.springframework.test.context.web.ServletTestExecutionListener, org.springframework.test.context.support.DependencyInjectionTestExecutionListener, org.springframework.test.context.support.DirtiesContextTestExecutionListener, org.springframework.test.context.transaction.TransactionalTestExecutionListener, org.springframework.test.context.jdbc.SqlScriptsTestExecutionListener]
 [INFO] [2018-05-13 13:44:37][org.springframework.test.context.support.DefaultTestContextBootstrapper]Using TestExecutionListeners: [org.springframework.test.context.web.ServletTestExecutionListener@29774679, org.springframework.test.context.support.DependencyInjectionTestExecutionListener@3ffc5af1, org.springframework.test.context.support.DirtiesContextTestExecutionListener@5e5792a0, org.springframework.test.context.transaction.TransactionalTestExecutionListener@26653222, org.springframework.test.context.jdbc.SqlScriptsTestExecutionListener@3532ec19]
 [INFO] [2018-05-13 13:44:37][org.springframework.beans.factory.xml.XmlBeanDefinitionReader]Loading XML bean definitions from class path resource [applicationContext.xml]
 [INFO] [2018-05-13 13:44:37][org.springframework.context.support.GenericApplicationContext]Refreshing org.springframework.context.support.GenericApplicationContext@60c6f5b: startup date [Sun May 13 13:44:37 CST 2018]; root of context hierarchy
 [INFO] [2018-05-13 13:44:38][org.springframework.beans.factory.config.PropertyPlaceholderConfigurer]Loading properties file from class path resource [jdbc.properties]
 [INFO] [2018-05-13 13:44:38][org.springframework.beans.factory.config.PropertyPlaceholderConfigurer]Loading properties file from class path resource [redis.properties]
 [INFO] [2018-05-13 13:44:38][org.springframework.beans.factory.annotation.AutowiredAnnotationBeanPostProcessor]JSR-330 'javax.inject.Inject' annotation found and supported for autowiring
 [INFO] [2018-05-13 13:44:38][com.mchange.v2.log.MLog]MLog clients using slf4j logging.
 [INFO] [2018-05-13 13:44:38][com.mchange.v2.c3p0.C3P0Registry]Initializing c3p0-0.9.5.2 [built 08-December-2015 22:06:04 -0800; debug? true; trace: 10]
 [INFO] [2018-05-13 13:44:41][org.springframework.context.support.GenericApplicationContext]Closing org.springframework.context.support.GenericApplicationContext@60c6f5b: startup date [Sun May 13 13:44:37 CST 2018]; root of context hierarchy
 [INFO] [2018-05-13 13:45:31][org.springframework.test.context.support.DefaultTestContextBootstrapper]Loaded default TestExecutionListener class names from location [META-INF/spring.factories]: [org.springframework.test.context.web.ServletTestExecutionListener, org.springframework.test.context.support.DependencyInjectionTestExecutionListener, org.springframework.test.context.support.DirtiesContextTestExecutionListener, org.springframework.test.context.transaction.TransactionalTestExecutionListener, org.springframework.test.context.jdbc.SqlScriptsTestExecutionListener]
 [INFO] [2018-05-13 13:45:31][org.springframework.test.context.support.DefaultTestContextBootstrapper]Using TestExecutionListeners: [org.springframework.test.context.web.ServletTestExecutionListener@29774679, org.springframework.test.context.support.DependencyInjectionTestExecutionListener@3ffc5af1, org.springframework.test.context.support.DirtiesContextTestExecutionListener@5e5792a0, org.springframework.test.context.transaction.TransactionalTestExecutionListener@26653222, org.springframework.test.context.jdbc.SqlScriptsTestExecutionListener@3532ec19]
 [INFO] [2018-05-13 13:45:31][org.springframework.beans.factory.xml.XmlBeanDefinitionReader]Loading XML bean definitions from class path resource [applicationContext.xml]
 [INFO] [2018-05-13 13:45:32][org.springframework.context.support.GenericApplicationContext]Refreshing org.springframework.context.support.GenericApplicationContext@60c6f5b: startup date [Sun May 13 13:45:32 CST 2018]; root of context hierarchy
 [INFO] [2018-05-13 13:45:32][org.springframework.beans.factory.config.PropertyPlaceholderConfigurer]Loading properties file from class path resource [jdbc.properties]
 [INFO] [2018-05-13 13:45:32][org.springframework.beans.factory.config.PropertyPlaceholderConfigurer]Loading properties file from class path resource [redis.properties]
 [INFO] [2018-05-13 13:45:32][org.springframework.beans.factory.annotation.AutowiredAnnotationBeanPostProcessor]JSR-330 'javax.inject.Inject' annotation found and supported for autowiring
 [INFO] [2018-05-13 13:45:32][com.mchange.v2.log.MLog]MLog clients using slf4j logging.
 [INFO] [2018-05-13 13:45:33][com.mchange.v2.c3p0.C3P0Registry]Initializing c3p0-0.9.5.2 [built 08-December-2015 22:06:04 -0800; debug? true; trace: 10]
 [INFO] [2018-05-13 13:45:35][org.springframework.context.support.GenericApplicationContext]Closing org.springframework.context.support.GenericApplicationContext@60c6f5b: startup date [Sun May 13 13:45:32 CST 2018]; root of context hierarchy
 [INFO] [2018-05-13 13:48:09][org.springframework.test.context.support.DefaultTestContextBootstrapper]Loaded default TestExecutionListener class names from location [META-INF/spring.factories]: [org.springframework.test.context.web.ServletTestExecutionListener, org.springframework.test.context.support.DependencyInjectionTestExecutionListener, org.springframework.test.context.support.DirtiesContextTestExecutionListener, org.springframework.test.context.transaction.TransactionalTestExecutionListener, org.springframework.test.context.jdbc.SqlScriptsTestExecutionListener]
 [INFO] [2018-05-13 13:48:10][org.springframework.test.context.support.DefaultTestContextBootstrapper]Using TestExecutionListeners: [org.springframework.test.context.web.ServletTestExecutionListener@29774679, org.springframework.test.context.support.DependencyInjectionTestExecutionListener@3ffc5af1, org.springframework.test.context.support.DirtiesContextTestExecutionListener@5e5792a0, org.springframework.test.context.transaction.TransactionalTestExecutionListener@26653222, org.springframework.test.context.jdbc.SqlScriptsTestExecutionListener@3532ec19]
 [INFO] [2018-05-13 13:48:10][org.springframework.beans.factory.xml.XmlBeanDefinitionReader]Loading XML bean definitions from class path resource [applicationContext.xml]
 [INFO] [2018-05-13 13:48:10][org.springframework.context.support.GenericApplicationContext]Refreshing org.springframework.context.support.GenericApplicationContext@60c6f5b: startup date [Sun May 13 13:48:10 CST 2018]; root of context hierarchy
 [INFO] [2018-05-13 13:48:11][org.springframework.beans.factory.config.PropertyPlaceholderConfigurer]Loading properties file from class path resource [jdbc.properties]
 [INFO] [2018-05-13 13:48:11][org.springframework.beans.factory.config.PropertyPlaceholderConfigurer]Loading properties file from class path resource [redis.properties]
 [INFO] [2018-05-13 13:48:11][org.springframework.beans.factory.annotation.AutowiredAnnotationBeanPostProcessor]JSR-330 'javax.inject.Inject' annotation found and supported for autowiring
 [INFO] [2018-05-13 13:48:11][com.mchange.v2.log.MLog]MLog clients using slf4j logging.
 [INFO] [2018-05-13 13:48:11][com.mchange.v2.c3p0.C3P0Registry]Initializing c3p0-0.9.5.2 [built 08-December-2015 22:06:04 -0800; debug? true; trace: 10]
 [INFO] [2018-05-13 13:48:14][org.springframework.context.support.GenericApplicationContext]Closing org.springframework.context.support.GenericApplicationContext@60c6f5b: startup date [Sun May 13 13:48:10 CST 2018]; root of context hierarchy
 [INFO] [2018-05-13 13:55:57][org.springframework.test.context.support.DefaultTestContextBootstrapper]Loaded default TestExecutionListener class names from location [META-INF/spring.factories]: [org.springframework.test.context.web.ServletTestExecutionListener, org.springframework.test.context.support.DependencyInjectionTestExecutionListener, org.springframework.test.context.support.DirtiesContextTestExecutionListener, org.springframework.test.context.transaction.TransactionalTestExecutionListener, org.springframework.test.context.jdbc.SqlScriptsTestExecutionListener]
 [INFO] [2018-05-13 13:55:58][org.springframework.test.context.support.DefaultTestContextBootstrapper]Using TestExecutionListeners: [org.springframework.test.context.web.ServletTestExecutionListener@29774679, org.springframework.test.context.support.DependencyInjectionTestExecutionListener@3ffc5af1, org.springframework.test.context.support.DirtiesContextTestExecutionListener@5e5792a0, org.springframework.test.context.transaction.TransactionalTestExecutionListener@26653222, org.springframework.test.context.jdbc.SqlScriptsTestExecutionListener@3532ec19]
 [INFO] [2018-05-13 13:55:58][org.springframework.beans.factory.xml.XmlBeanDefinitionReader]Loading XML bean definitions from class path resource [applicationContext.xml]
 [INFO] [2018-05-13 13:55:58][org.springframework.context.support.GenericApplicationContext]Refreshing org.springframework.context.support.GenericApplicationContext@60c6f5b: startup date [Sun May 13 13:55:58 CST 2018]; root of context hierarchy
 [INFO] [2018-05-13 13:55:59][org.springframework.beans.factory.config.PropertyPlaceholderConfigurer]Loading properties file from class path resource [jdbc.properties]
 [INFO] [2018-05-13 13:55:59][org.springframework.beans.factory.config.PropertyPlaceholderConfigurer]Loading properties file from class path resource [redis.properties]
 [INFO] [2018-05-13 13:55:59][org.springframework.beans.factory.annotation.AutowiredAnnotationBeanPostProcessor]JSR-330 'javax.inject.Inject' annotation found and supported for autowiring
 [INFO] [2018-05-13 13:55:59][com.mchange.v2.log.MLog]MLog clients using slf4j logging.
 [INFO] [2018-05-13 13:55:59][com.mchange.v2.c3p0.C3P0Registry]Initializing c3p0-0.9.5.2 [built 08-December-2015 22:06:04 -0800; debug? true; trace: 10]
 [INFO] [2018-05-13 13:56:47][org.springframework.context.support.GenericApplicationContext]Closing org.springframework.context.support.GenericApplicationContext@60c6f5b: startup date [Sun May 13 13:55:58 CST 2018]; root of context hierarchy
 [INFO] [2018-05-13 13:58:34][org.springframework.test.context.support.DefaultTestContextBootstrapper]Loaded default TestExecutionListener class names from location [META-INF/spring.factories]: [org.springframework.test.context.web.ServletTestExecutionListener, org.springframework.test.context.support.DependencyInjectionTestExecutionListener, org.springframework.test.context.support.DirtiesContextTestExecutionListener, org.springframework.test.context.transaction.TransactionalTestExecutionListener, org.springframework.test.context.jdbc.SqlScriptsTestExecutionListener]
 [INFO] [2018-05-13 13:58:34][org.springframework.test.context.support.DefaultTestContextBootstrapper]Using TestExecutionListeners: [org.springframework.test.context.web.ServletTestExecutionListener@29774679, org.springframework.test.context.support.DependencyInjectionTestExecutionListener@3ffc5af1, org.springframework.test.context.support.DirtiesContextTestExecutionListener@5e5792a0, org.springframework.test.context.transaction.TransactionalTestExecutionListener@26653222, org.springframework.test.context.jdbc.SqlScriptsTestExecutionListener@3532ec19]
 [INFO] [2018-05-13 13:58:35][org.springframework.beans.factory.xml.XmlBeanDefinitionReader]Loading XML bean definitions from class path resource [applicationContext.xml]
 [INFO] [2018-05-13 13:58:35][org.springframework.context.support.GenericApplicationContext]Refreshing org.springframework.context.support.GenericApplicationContext@60c6f5b: startup date [Sun May 13 13:58:35 CST 2018]; root of context hierarchy
 [INFO] [2018-05-13 13:58:36][org.springframework.beans.factory.config.PropertyPlaceholderConfigurer]Loading properties file from class path resource [jdbc.properties]
 [INFO] [2018-05-13 13:58:36][org.springframework.beans.factory.config.PropertyPlaceholderConfigurer]Loading properties file from class path resource [redis.properties]
 [INFO] [2018-05-13 13:58:36][org.springframework.beans.factory.annotation.AutowiredAnnotationBeanPostProcessor]JSR-330 'javax.inject.Inject' annotation found and supported for autowiring
 [INFO] [2018-05-13 13:58:36][com.mchange.v2.log.MLog]MLog clients using slf4j logging.
 [INFO] [2018-05-13 13:58:37][com.mchange.v2.c3p0.C3P0Registry]Initializing c3p0-0.9.5.2 [built 08-December-2015 22:06:04 -0800; debug? true; trace: 10]
 [INFO] [2018-05-13 13:58:39][org.springframework.context.support.GenericApplicationContext]Closing org.springframework.context.support.GenericApplicationContext@60c6f5b: startup date [Sun May 13 13:58:35 CST 2018]; root of context hierarchy
 [INFO] [2018-05-22 00:26:36][org.springframework.test.context.support.DefaultTestContextBootstrapper]Loaded default TestExecutionListener class names from location [META-INF/spring.factories]: [org.springframework.test.context.web.ServletTestExecutionListener, org.springframework.test.context.support.DependencyInjectionTestExecutionListener, org.springframework.test.context.support.DirtiesContextTestExecutionListener, org.springframework.test.context.transaction.TransactionalTestExecutionListener, org.springframework.test.context.jdbc.SqlScriptsTestExecutionListener]
 [INFO] [2018-05-22 00:26:36][org.springframework.test.context.support.DefaultTestContextBootstrapper]Using TestExecutionListeners: [org.springframework.test.context.web.ServletTestExecutionListener@5e3a8624, org.springframework.test.context.support.DependencyInjectionTestExecutionListener@5c3bd550, org.springframework.test.context.support.DirtiesContextTestExecutionListener@91161c7, org.springframework.test.context.transaction.TransactionalTestExecutionListener@604ed9f0, org.springframework.test.context.jdbc.SqlScriptsTestExecutionListener@6a4f787b]
 [INFO] [2018-05-22 00:26:37][org.springframework.beans.factory.xml.XmlBeanDefinitionReader]Loading XML bean definitions from class path resource [applicationContext.xml]
 [INFO] [2018-05-22 00:26:38][org.springframework.context.support.GenericApplicationContext]Refreshing org.springframework.context.support.GenericApplicationContext@4fe3c938: startup date [Tue May 22 00:26:38 CST 2018]; root of context hierarchy
 [INFO] [2018-05-22 00:26:38][org.springframework.beans.factory.config.PropertyPlaceholderConfigurer]Loading properties file from class path resource [jdbc.properties]
 [INFO] [2018-05-22 00:26:38][org.springframework.beans.factory.config.PropertyPlaceholderConfigurer]Loading properties file from class path resource [redis.properties]
 [INFO] [2018-05-22 00:26:38][org.springframework.beans.factory.annotation.AutowiredAnnotationBeanPostProcessor]JSR-330 'javax.inject.Inject' annotation found and supported for autowiring
 [INFO] [2018-05-22 00:26:39][com.mchange.v2.log.MLog]MLog clients using slf4j logging.
 [INFO] [2018-05-22 00:26:39][com.mchange.v2.c3p0.C3P0Registry]Initializing c3p0-0.9.5.2 [built 08-December-2015 22:06:04 -0800; debug? true; trace: 10]
 [INFO] [2018-05-22 00:26:41][org.springframework.context.support.GenericApplicationContext]Closing org.springframework.context.support.GenericApplicationContext@4fe3c938: startup date [Tue May 22 00:26:38 CST 2018]; root of context hierarchy
 